platforms/android/build/outputs/apk/manifest-merger-debug-report.txt
-- Merging decision tree log ---
manifest
ADDED from AndroidManifest.xml:2:1
	package
		ADDED from AndroidManifest.xml:2:98
	android:versionName
		ADDED from AndroidManifest.xml:2:70
	android:hardwareAccelerated
		ADDED from AndroidManifest.xml:2:11
	android:versionCode
		ADDED from AndroidManifest.xml:2:46
		INJECTED from AndroidManifest.xml:0:0
		INJECTED from AndroidManifest.xml:0:0
	xmlns:android
		ADDED from AndroidManifest.xml:2:125
supports-screens
ADDED from AndroidManifest.xml:3:5
	android:largeScreens
		ADDED from AndroidManifest.xml:3:49
	android:smallScreens
		ADDED from AndroidManifest.xml:3:132
	android:normalScreens
		ADDED from AndroidManifest.xml:3:77
	android:xlargeScreens
		ADDED from AndroidManifest.xml:3:160
	android:resizeable
		ADDED from AndroidManifest.xml:3:106
	android:anyDensity
		ADDED from AndroidManifest.xml:3:23
uses-permission#android.permission.INTERNET
ADDED from AndroidManifest.xml:4:5
MERGED from com.paypal.sdk:paypal-android-sdk:2.15.3:10:5
	android:name
		ADDED from AndroidManifest.xml:4:22
application
ADDED from AndroidManifest.xml:5:5
MERGED from io.card:android-sdk:5.4.0:21:5
MERGED from com.paypal.sdk:paypal-android-sdk:2.15.3:12:5
	android:label
		ADDED from AndroidManifest.xml:5:83
	android:supportsRtl
		ADDED from AndroidManifest.xml:5:116
	android:hardwareAccelerated
		ADDED from AndroidManifest.xml:5:18
	android:icon
		ADDED from AndroidManifest.xml:5:53
activity#io.ionic.starter.MainActivity
ADDED from AndroidManifest.xml:6:9
	android:label
		ADDED from AndroidManifest.xml:6:97
	android:launchMode
		ADDED from AndroidManifest.xml:6:135
	android:windowSoftInputMode
		ADDED from AndroidManifest.xml:6:248
	android:configChanges
		ADDED from AndroidManifest.xml:6:19
	android:theme
		ADDED from AndroidManifest.xml:6:194
	android:name
		ADDED from AndroidManifest.xml:6:166
intent-filter#android.intent.action.MAIN+android.intent.category.LAUNCHER
ADDED from AndroidManifest.xml:7:13
	android:label
		ADDED from AndroidManifest.xml:7:28
action#android.intent.action.MAIN
ADDED from AndroidManifest.xml:8:17
	android:name
		ADDED from AndroidManifest.xml:8:25
category#android.intent.category.LAUNCHER
ADDED from AndroidManifest.xml:9:17
	android:name
		ADDED from AndroidManifest.xml:9:27
uses-sdk
ADDED from AndroidManifest.xml:13:5
MERGED from io.card:android-sdk:5.4.0:7:5
MERGED from com.paypal.sdk:paypal-android-sdk:2.15.3:5:5
MERGED from android:CordovaLib:unspecified:debug:25:5
	android:targetSdkVersion
		ADDED from AndroidManifest.xml:13:42
	android:minSdkVersion
		ADDED from AndroidManifest.xml:13:15
uses-permission#android.permission.RECORD_AUDIO
ADDED from AndroidManifest.xml:14:5
	android:name
		ADDED from AndroidManifest.xml:14:22
uses-permission#android.permission.CAMERA
ADDED from io.card:android-sdk:5.4.0:11:5
	android:name
		ADDED from io.card:android-sdk:5.4.0:11:22
uses-permission#android.permission.VIBRATE
ADDED from io.card:android-sdk:5.4.0:12:5
	android:name
		ADDED from io.card:android-sdk:5.4.0:12:22
uses-feature#android.hardware.camera
ADDED from io.card:android-sdk:5.4.0:14:5
	android:required
		ADDED from io.card:android-sdk:5.4.0:16:9
	android:name
		ADDED from io.card:android-sdk:5.4.0:15:9
uses-feature#android.hardware.camera.autofocus
ADDED from io.card:android-sdk:5.4.0:17:5
	android:required
		ADDED from io.card:android-sdk:5.4.0:19:9
	android:name
		ADDED from io.card:android-sdk:5.4.0:18:9
activity#io.card.payment.CardIOActivity
ADDED from io.card:android-sdk:5.4.0:22:9
	android:configChanges
		ADDED from io.card:android-sdk:5.4.0:24:13
	android:name
		ADDED from io.card:android-sdk:5.4.0:23:13
activity#io.card.payment.DataEntryActivity
ADDED from io.card:android-sdk:5.4.0:25:9
	android:name
		ADDED from io.card:android-sdk:5.4.0:25:19
uses-permission#android.permission.ACCESS_NETWORK_STATE
ADDED from com.paypal.sdk:paypal-android-sdk:2.15.3:9:5
	android:name
		ADDED from com.paypal.sdk:paypal-android-sdk:2.15.3:9:22
activity#com.paypal.android.sdk.payments.PaymentActivity
ADDED from com.paypal.sdk:paypal-android-sdk:2.15.3:13:9
	android:name
		ADDED from com.paypal.sdk:paypal-android-sdk:2.15.3:13:19
activity#com.paypal.android.sdk.payments.PaymentMethodActivity
ADDED from com.paypal.sdk:paypal-android-sdk:2.15.3:14:9
	android:name
		ADDED from com.paypal.sdk:paypal-android-sdk:2.15.3:14:19
activity#com.paypal.android.sdk.payments.PaymentConfirmActivity
ADDED from com.paypal.sdk:paypal-android-sdk:2.15.3:15:9
	android:name
		ADDED from com.paypal.sdk:paypal-android-sdk:2.15.3:15:19
activity#com.paypal.android.sdk.payments.LoginActivity
ADDED from com.paypal.sdk:paypal-android-sdk:2.15.3:16:9
	android:name
		ADDED from com.paypal.sdk:paypal-android-sdk:2.15.3:16:19
activity#com.paypal.android.sdk.payments.PayPalFuturePaymentActivity
ADDED from com.paypal.sdk:paypal-android-sdk:2.15.3:17:9
	android:name
		ADDED from com.paypal.sdk:paypal-android-sdk:2.15.3:17:19
activity#com.paypal.android.sdk.payments.FuturePaymentConsentActivity
ADDED from com.paypal.sdk:paypal-android-sdk:2.15.3:18:9
	android:name
		ADDED from com.paypal.sdk:paypal-android-sdk:2.15.3:18:19
activity#com.paypal.android.sdk.payments.FuturePaymentInfoActivity
ADDED from com.paypal.sdk:paypal-android-sdk:2.15.3:19:9
	android:name
		ADDED from com.paypal.sdk:paypal-android-sdk:2.15.3:19:19
activity#com.paypal.android.sdk.payments.PayPalProfileSharingActivity
ADDED from com.paypal.sdk:paypal-android-sdk:2.15.3:20:9
	android:name
		ADDED from com.paypal.sdk:paypal-android-sdk:2.15.3:20:19
activity#com.paypal.android.sdk.payments.ProfileSharingConsentActivity
ADDED from com.paypal.sdk:paypal-android-sdk:2.15.3:21:9
	android:name
		ADDED from com.paypal.sdk:paypal-android-sdk:2.15.3:21:19
service#com.paypal.android.sdk.payments.PayPalService
ADDED from com.paypal.sdk:paypal-android-sdk:2.15.3:23:9
	android:exported
		ADDED from com.paypal.sdk:paypal-android-sdk:2.15.3:25:13
	android:name
		ADDED from com.paypal.sdk:paypal-android-sdk:2.15.3:24:13